Using pre-set license
Built from '2021.3/staging' branch; Version is '2021.3.22f1 (b6c551784ba3) revision 11978065'; Using compiler version '192829333'; Build Type 'Release'
OS: 'Windows 10  (10.0.19045) 64bit ProfessionalEducation' Language: 'es' Physical Memory: 16293 MB
BatchMode: 1, IsHumanControllingUs: 0, StartBugReporterOnCrash: 0, Is64bit: 1, IsPro: 1

COMMAND LINE ARGUMENTS:
C:\Program Files\Unity\Hub\Editor\2021.3.22f1\Editor\Unity.exe
-adb2
-batchMode
-noUpm
-name
AssetImportWorker4
-projectPath
C:/Users/alumno/Desktop/AguirreCarolina_Ex2EV/Aguirre_carolina_Ex2EV
-logFile
Logs/AssetImportWorker4.log
-srvPort
62790
Successfully changed project path to: C:/Users/alumno/Desktop/AguirreCarolina_Ex2EV/Aguirre_carolina_Ex2EV
C:/Users/alumno/Desktop/AguirreCarolina_Ex2EV/Aguirre_carolina_Ex2EV
[UnityMemory] Configuration Parameters - Can be set up in boot.config
    "memorysetup-bucket-allocator-granularity=16"
    "memorysetup-bucket-allocator-bucket-count=8"
    "memorysetup-bucket-allocator-block-size=33554432"
    "memorysetup-bucket-allocator-block-count=8"
    "memorysetup-main-allocator-block-size=16777216"
    "memorysetup-thread-allocator-block-size=16777216"
    "memorysetup-gfx-main-allocator-block-size=16777216"
    "memorysetup-gfx-thread-allocator-block-size=16777216"
    "memorysetup-cache-allocator-block-size=4194304"
    "memorysetup-typetree-allocator-block-size=2097152"
    "memorysetup-profiler-bucket-allocator-granularity=16"
    "memorysetup-profiler-bucket-allocator-bucket-count=8"
    "memorysetup-profiler-bucket-allocator-block-size=33554432"
    "memorysetup-profiler-bucket-allocator-block-count=8"
    "memorysetup-profiler-allocator-block-size=16777216"
    "memorysetup-profiler-editor-allocator-block-size=1048576"
    "memorysetup-temp-allocator-size-main=16777216"
    "memorysetup-job-temp-allocator-block-size=2097152"
    "memorysetup-job-temp-allocator-block-size-background=1048576"
    "memorysetup-job-temp-allocator-reduction-small-platforms=262144"
    "memorysetup-temp-allocator-size-background-worker=32768"
    "memorysetup-temp-allocator-size-job-worker=262144"
    "memorysetup-temp-allocator-size-preload-manager=33554432"
    "memorysetup-temp-allocator-size-nav-mesh-worker=65536"
    "memorysetup-temp-allocator-size-audio-worker=65536"
    "memorysetup-temp-allocator-size-cloud-worker=32768"
    "memorysetup-temp-allocator-size-gi-baking-worker=262144"
    "memorysetup-temp-allocator-size-gfx=262144"
Player connection [15512] Host "[IP] 192.168.124.102 [Port] 0 [Flags] 2 [Guid] 1946035154 [EditorId] 1946035154 [Version] 1048832 [Id] WindowsEditor(7,A3D2-PC-08) [Debug] 1 [PackageName] WindowsEditor [ProjectName] Editor" joined multi-casting on [225.0.0.222:54997]...

Player connection [15512] Host "[IP] 192.168.124.102 [Port] 0 [Flags] 2 [Guid] 1946035154 [EditorId] 1946035154 [Version] 1048832 [Id] WindowsEditor(7,A3D2-PC-08) [Debug] 1 [PackageName] WindowsEditor [ProjectName] Editor" joined alternative multi-casting on [225.0.0.222:34997]...

Refreshing native plugins compatible for Editor in 118.67 ms, found 3 plugins.
Preloading 0 native plugins for Editor in 0.00 ms.
Initialize engine version: 2021.3.22f1 (b6c551784ba3)
[Subsystems] Discovering subsystems at path C:/Program Files/Unity/Hub/Editor/2021.3.22f1/Editor/Data/Resources/UnitySubsystems
[Subsystems] Discovering subsystems at path C:/Users/alumno/Desktop/AguirreCarolina_Ex2EV/Aguirre_carolina_Ex2EV/Assets
GfxDevice: creating device client; threaded=0; jobified=0
Direct3D:
    Version:  Direct3D 11.0 [level 11.1]
    Renderer: NVIDIA GeForce GTX 1660 SUPER (ID=0x21c4)
    Vendor:   NVIDIA
    VRAM:     5980 MB
    Driver:   31.0.15.3623
Initialize mono
Mono path[0] = 'C:/Program Files/Unity/Hub/Editor/2021.3.22f1/Editor/Data/Managed'
Mono path[1] = 'C:/Program Files/Unity/Hub/Editor/2021.3.22f1/Editor/Data/MonoBleedingEdge/lib/mono/unityjit-win32'
Mono config path = 'C:/Program Files/Unity/Hub/Editor/2021.3.22f1/Editor/Data/MonoBleedingEdge/etc'
Using monoOptions --debugger-agent=transport=dt_socket,embedding=1,server=y,suspend=n,address=127.0.0.1:56828
Begin MonoManager ReloadAssembly
Registering precompiled unity dll's ...
Register platform support module: C:/Program Files/Unity/Hub/Editor/2021.3.22f1/Editor/Data/PlaybackEngines/WebGLSupport/UnityEditor.WebGL.Extensions.dll
Register platform support module: C:/Program Files/Unity/Hub/Editor/2021.3.22f1/Editor/Data/PlaybackEngines/AndroidPlayer/UnityEditor.Android.Extensions.dll
Register platform support module: C:/Program Files/Unity/Hub/Editor/2021.3.22f1/Editor/Data/PlaybackEngines/WindowsStandaloneSupport/UnityEditor.WindowsStandalone.Extensions.dll
Registered in 0.009526 seconds.
Native extension for WindowsStandalone target not found
Native extension for Android target not found
Android Extension - Scanning For ADB Devices 202 ms
Native extension for WebGL target not found
Refreshing native plugins compatible for Editor in 121.03 ms, found 3 plugins.
Preloading 0 native plugins for Editor in 0.00 ms.
Mono: successfully reloaded assembly
- Completed reload, in  0.934 seconds
Domain Reload Profiling:
	ReloadAssembly (934ms)
		BeginReloadAssembly (76ms)
			ExecutionOrderSort (0ms)
			DisableScriptedObjects (0ms)
			BackupInstance (0ms)
			ReleaseScriptingObjects (0ms)
			CreateAndSetChildDomain (1ms)
		EndReloadAssembly (757ms)
			LoadAssemblies (75ms)
			RebuildTransferFunctionScriptingTraits (0ms)
			SetupTypeCache (123ms)
			ReleaseScriptCaches (0ms)
			RebuildScriptCaches (31ms)
			SetupLoadedEditorAssemblies (552ms)
				LogAssemblyErrors (0ms)
				InitializePlatformSupportModulesInManaged (291ms)
				SetLoadedEditorAssemblies (0ms)
				RefreshPlugins (121ms)
				BeforeProcessingInitializeOnLoad (2ms)
				ProcessInitializeOnLoadAttributes (99ms)
				ProcessInitializeOnLoadMethodAttributes (40ms)
				AfterProcessingInitializeOnLoad (0ms)
				EditorAssembliesLoaded (0ms)
			ExecutionOrderSort2 (0ms)
			AwakeInstancesAfterBackupRestoration (0ms)
Platform modules already initialized, skipping
Registering precompiled user dll's ...
Registered in 0.005455 seconds.
Begin MonoManager ReloadAssembly
Symbol file LoadedFromMemory doesn't match image C:\Users\alumno\Desktop\AguirreCarolina_Ex2EV\Aguirre_carolina_Ex2EV\Library\PackageCache\com.unity.visualscripting@1.8.0\Editor\VisualScripting.Core\Dependencies\YamlDotNet\Unity.VisualScripting.YamlDotNet.dll
Symbol file LoadedFromMemory doesn't match image C:\Users\alumno\Desktop\AguirreCarolina_Ex2EV\Aguirre_carolina_Ex2EV\Library\PackageCache\com.unity.visualscripting@1.8.0\Editor\VisualScripting.Core\Dependencies\DotNetZip\Unity.VisualScripting.IonicZip.dll
Native extension for WindowsStandalone target not found
Native extension for Android target not found
Native extension for WebGL target not found
Refreshing native plugins compatible for Editor in 125.42 ms, found 3 plugins.
Preloading 0 native plugins for Editor in 0.00 ms.
Mono: successfully reloaded assembly
- Completed reload, in  1.550 seconds
Domain Reload Profiling:
	ReloadAssembly (1551ms)
		BeginReloadAssembly (124ms)
			ExecutionOrderSort (0ms)
			DisableScriptedObjects (6ms)
			BackupInstance (0ms)
			ReleaseScriptingObjects (0ms)
			CreateAndSetChildDomain (20ms)
		EndReloadAssembly (1293ms)
			LoadAssemblies (99ms)
			RebuildTransferFunctionScriptingTraits (0ms)
			SetupTypeCache (335ms)
			ReleaseScriptCaches (1ms)
			RebuildScriptCaches (80ms)
			SetupLoadedEditorAssemblies (726ms)
				LogAssemblyErrors (0ms)
				InitializePlatformSupportModulesInManaged (18ms)
				SetLoadedEditorAssemblies (0ms)
				RefreshPlugins (126ms)
				BeforeProcessingInitializeOnLoad (125ms)
				ProcessInitializeOnLoadAttributes (379ms)
				ProcessInitializeOnLoadMethodAttributes (72ms)
				AfterProcessingInitializeOnLoad (7ms)
				EditorAssembliesLoaded (0ms)
			ExecutionOrderSort2 (0ms)
			AwakeInstancesAfterBackupRestoration (5ms)
Platform modules already initialized, skipping
========================================================================
Worker process is ready to serve import requests
Launched and connected shader compiler UnityShaderCompiler.exe after 0.03 seconds
Refreshing native plugins compatible for Editor in 1.01 ms, found 3 plugins.
Preloading 0 native plugins for Editor in 0.00 ms.
Unloading 5406 Unused Serialized files (Serialized files now loaded: 0)
Unloading 66 unused Assets / (1.9 MB). Loaded Objects now: 5865.
Memory consumption went from 226.4 MB to 224.5 MB.
Total: 4.321100 ms (FindLiveObjects: 0.679600 ms CreateObjectMapping: 0.478100 ms MarkObjects: 2.759300 ms  DeleteObjects: 0.403200 ms)

AssetImportParameters requested are different than current active one (requested -> active):
  custom:video-decoder-ogg-theora: a1e56fd34408186e4bbccfd4996cb3dc -> 
  custom:container-muxer-webm: aa71ff27fc2769a1b78a27578f13a17b -> 
  custom:container-demuxer-webm: 4f35f7cbe854078d1ac9338744f61a02 -> 
  custom:video-encoder-webm-vp8: eb34c28f22e8b96e1ab97ce403110664 -> 
  custom:audio-encoder-webm-vorbis: bf7c407c2cedff20999df2af8eb42d56 -> 
  custom:framework-win-MediaFoundation: 216162199b28c13a410421893ffa2e32 -> 
  custom:container-demuxer-ogg: 62fdf1f143b41e24485cea50d1cbac27 -> 
  custom:video-decoder-webm-vp8: 9c59270c3fd7afecdb556c50c9e8de78 -> 
  custom:audio-decoder-ogg-vorbis: bf7c407c2cedff20999df2af8eb42d56 -> 
========================================================================
Received Import Request.
  Time since last request: 8806.550310 seconds.
  path: Assets/arboles/Palm/Palm/palmera.prefab
  artifactKey: Guid(add01ed37d1925142b16ac9337cd2117) Importer(815301076,1909f56bfc062723c751e8b465ee728b)
Start importing Assets/arboles/Palm/Palm/palmera.prefab using Guid(add01ed37d1925142b16ac9337cd2117) Importer(815301076,1909f56bfc062723c751e8b465ee728b)  -> (artifact id: '8a804545c5761957120eee3ca5b669d3') in 2.983031 seconds 
========================================================================
Received Import Request.
  Time since last request: 309.307014 seconds.
  path: Assets/arboles/Palm/Palm/palmera.prefab
  artifactKey: Guid(add01ed37d1925142b16ac9337cd2117) Importer(815301076,1909f56bfc062723c751e8b465ee728b)
Start importing Assets/arboles/Palm/Palm/palmera.prefab using Guid(add01ed37d1925142b16ac9337cd2117) Importer(815301076,1909f56bfc062723c751e8b465ee728b)  -> (artifact id: 'c5f6a1aa8a36d30fe873b05667b65bc0') in 0.036073 seconds 
========================================================================
Received Import Request.
  Time since last request: 28.121795 seconds.
  path: Assets/Enemigo/dragon.prefab
  artifactKey: Guid(b4af09b94892f324d911ac19e6ff24c9) Importer(815301076,1909f56bfc062723c751e8b465ee728b)
Start importing Assets/Enemigo/dragon.prefab using Guid(b4af09b94892f324d911ac19e6ff24c9) Importer(815301076,1909f56bfc062723c751e8b465ee728b)  -> (artifact id: '017bc9b5f364bd74347f3748f9e412fc') in 0.071360 seconds 
========================================================================
Received Import Request.
  Time since last request: 35.199798 seconds.
  path: Assets/Enemigo/dragon.prefab
  artifactKey: Guid(b4af09b94892f324d911ac19e6ff24c9) Importer(815301076,1909f56bfc062723c751e8b465ee728b)
Start importing Assets/Enemigo/dragon.prefab using Guid(b4af09b94892f324d911ac19e6ff24c9) Importer(815301076,1909f56bfc062723c751e8b465ee728b)  -> (artifact id: 'd2fa6e0dd4f29df3b778d359e01325e4') in 0.019162 seconds 
========================================================================
Received Import Request.
  Time since last request: 33.849447 seconds.
  path: Assets
  artifactKey: Guid(00000000000000001000000000000000) Importer(815301076,1909f56bfc062723c751e8b465ee728b)
Start importing Assets using Guid(00000000000000001000000000000000) Importer(815301076,1909f56bfc062723c751e8b465ee728b)  -> (artifact id: '79842766b460edbeab6a34051e857a80') in 0.007403 seconds 
========================================================================
Received Import Request.
  Time since last request: 5.316327 seconds.
  path: Assets/skibox
  artifactKey: Guid(a8dc3544c5e05494abf63b6d14408e12) Importer(815301076,1909f56bfc062723c751e8b465ee728b)
Start importing Assets/skibox using Guid(a8dc3544c5e05494abf63b6d14408e12) Importer(815301076,1909f56bfc062723c751e8b465ee728b)  -> (artifact id: 'ae8d3c12cf40b3535f290f404f2e8dca') in 0.007566 seconds 
========================================================================
Received Import Request.
  Time since last request: 7.421668 seconds.
  path: Assets/skibox/MilkyWayPanorama8K.jpg
  artifactKey: Guid(ea462cc1dd96ee543bf34c6279b9abd9) Importer(815301076,1909f56bfc062723c751e8b465ee728b)
Start importing Assets/skibox/MilkyWayPanorama8K.jpg using Guid(ea462cc1dd96ee543bf34c6279b9abd9) Importer(815301076,1909f56bfc062723c751e8b465ee728b)  -> (artifact id: 'c1c0374764c69d32cbf1a3bbb7a33f64') in 0.033232 seconds 
========================================================================
Received Import Request.
  Time since last request: 42.886129 seconds.
  path: Assets/skibox/MilkyWayPanorama8K.jpg
  artifactKey: Guid(ea462cc1dd96ee543bf34c6279b9abd9) Importer(815301076,1909f56bfc062723c751e8b465ee728b)
Start importing Assets/skibox/MilkyWayPanorama8K.jpg using Guid(ea462cc1dd96ee543bf34c6279b9abd9) Importer(815301076,1909f56bfc062723c751e8b465ee728b)  -> (artifact id: '7721e0b176d746f2387b28684bcb1d8d') in 0.007482 seconds 
========================================================================
Received Import Request.
  Time since last request: 30.136607 seconds.
  path: Assets/skibox/MilkyWayPanorama8K.jpg
  artifactKey: Guid(ea462cc1dd96ee543bf34c6279b9abd9) Importer(815301076,1909f56bfc062723c751e8b465ee728b)
Start importing Assets/skibox/MilkyWayPanorama8K.jpg using Guid(ea462cc1dd96ee543bf34c6279b9abd9) Importer(815301076,1909f56bfc062723c751e8b465ee728b)  -> (artifact id: '41caaa6c481c95ec54c22bdf98d48a6b') in 0.058765 seconds 
========================================================================
Received Import Request.
  Time since last request: 67.223588 seconds.
  path: Assets/materiales
  artifactKey: Guid(bf2744cd5b7947649b5f068780a944b8) Importer(815301076,1909f56bfc062723c751e8b465ee728b)
Start importing Assets/materiales using Guid(bf2744cd5b7947649b5f068780a944b8) Importer(815301076,1909f56bfc062723c751e8b465ee728b)  -> (artifact id: 'e8cfc25b33f59a37618233e85c37b010') in 0.008758 seconds 
========================================================================
Received Import Request.
  Time since last request: 0.052850 seconds.
  path: Assets/materiales/agua.mat
  artifactKey: Guid(9a4be27e9ff633b44941d2959c7c28fa) Importer(815301076,1909f56bfc062723c751e8b465ee728b)
Start importing Assets/materiales/agua.mat using Guid(9a4be27e9ff633b44941d2959c7c28fa) Importer(815301076,1909f56bfc062723c751e8b465ee728b)  -> (artifact id: '536c0a4fd37a5d535061db1f32de7a38') in 0.022667 seconds 
========================================================================
Received Import Request.
  Time since last request: 176.772964 seconds.
  path: Assets/Audio
  artifactKey: Guid(38a5412cc533b6140a6bd081e01676a3) Importer(815301076,1909f56bfc062723c751e8b465ee728b)
Start importing Assets/Audio using Guid(38a5412cc533b6140a6bd081e01676a3) Importer(815301076,1909f56bfc062723c751e8b465ee728b)  -> (artifact id: '3aba2d1d016cb1410d4c3d59ce60beec') in 0.007832 seconds 
========================================================================
Received Import Request.
  Time since last request: 0.261959 seconds.
  path: Assets/Audio/Inicio.MP3
  artifactKey: Guid(da323b62a347350449ad7bd43d3037aa) Importer(815301076,1909f56bfc062723c751e8b465ee728b)
Start importing Assets/Audio/Inicio.MP3 using Guid(da323b62a347350449ad7bd43d3037aa) Importer(815301076,1909f56bfc062723c751e8b465ee728b)  -> (artifact id: 'd87dccaad6f62c4d5fb45921ff5be793') in 0.062215 seconds 
========================================================================
Received Import Request.
  Time since last request: 0.000025 seconds.
  path: Assets/Audio/roca.wav
  artifactKey: Guid(e27a2300d7817854780fef5fc44e1114) Importer(815301076,1909f56bfc062723c751e8b465ee728b)
Start importing Assets/Audio/roca.wav using Guid(e27a2300d7817854780fef5fc44e1114) Importer(815301076,1909f56bfc062723c751e8b465ee728b)  -> (artifact id: '78dbb43a96b218d045312e89b7ad1099') in 0.013844 seconds 
========================================================================
Received Import Request.
  Time since last request: 6.931124 seconds.
  path: Assets/Audio/NewAudioMixer.mixer
  artifactKey: Guid(381a36ee8f82b3146a7fda9962045148) Importer(815301076,1909f56bfc062723c751e8b465ee728b)
Start importing Assets/Audio/NewAudioMixer.mixer using Guid(381a36ee8f82b3146a7fda9962045148) Importer(815301076,1909f56bfc062723c751e8b465ee728b)  -> (artifact id: '58bcf0c0b3a62168452210c842e4813a') in 0.009480 seconds 
========================================================================
Received Import Request.
  Time since last request: 17.292197 seconds.
  path: Assets/Audio/NewAudioMixer.mixer
  artifactKey: Guid(381a36ee8f82b3146a7fda9962045148) Importer(815301076,1909f56bfc062723c751e8b465ee728b)
Start importing Assets/Audio/NewAudioMixer.mixer using Guid(381a36ee8f82b3146a7fda9962045148) Importer(815301076,1909f56bfc062723c751e8b465ee728b)  -> (artifact id: '1cdb3db81226b5e2886fa704241bed2a') in 0.002794 seconds 
========================================================================
Received Import Request.
  Time since last request: 6.483019 seconds.
  path: Assets/Audio/NewAudioMixer.mixer
  artifactKey: Guid(381a36ee8f82b3146a7fda9962045148) Importer(815301076,1909f56bfc062723c751e8b465ee728b)
Start importing Assets/Audio/NewAudioMixer.mixer using Guid(381a36ee8f82b3146a7fda9962045148) Importer(815301076,1909f56bfc062723c751e8b465ee728b)  -> (artifact id: '58a412902a0f540026b444ddc962cf30') in 0.003184 seconds 
========================================================================
Received Import Request.
  Time since last request: 5.679144 seconds.
  path: Assets/Audio/NewAudioMixer.mixer
  artifactKey: Guid(381a36ee8f82b3146a7fda9962045148) Importer(815301076,1909f56bfc062723c751e8b465ee728b)
Start importing Assets/Audio/NewAudioMixer.mixer using Guid(381a36ee8f82b3146a7fda9962045148) Importer(815301076,1909f56bfc062723c751e8b465ee728b)  -> (artifact id: 'f2c71ebb3c3d8f078005e4024c7308ba') in 0.002768 seconds 
========================================================================
Received Import Request.
  Time since last request: 3.126027 seconds.
  path: Assets/Audio/NewAudioMixer.mixer
  artifactKey: Guid(381a36ee8f82b3146a7fda9962045148) Importer(815301076,1909f56bfc062723c751e8b465ee728b)
Start importing Assets/Audio/NewAudioMixer.mixer using Guid(381a36ee8f82b3146a7fda9962045148) Importer(815301076,1909f56bfc062723c751e8b465ee728b)  -> (artifact id: '7631debdf9d6250eb5757afe30a15878') in 0.002903 seconds 
========================================================================
Received Import Request.
  Time since last request: 7.450595 seconds.
  path: Assets/Audio/NewAudioMixer.mixer
  artifactKey: Guid(381a36ee8f82b3146a7fda9962045148) Importer(815301076,1909f56bfc062723c751e8b465ee728b)
Start importing Assets/Audio/NewAudioMixer.mixer using Guid(381a36ee8f82b3146a7fda9962045148) Importer(815301076,1909f56bfc062723c751e8b465ee728b)  -> (artifact id: 'e65e14dfbbdf0e02fea062de5ab3deb7') in 0.002901 seconds 
========================================================================
Received Import Request.
  Time since last request: 13.122144 seconds.
  path: Assets/Audio/NewAudioMixer.mixer
  artifactKey: Guid(381a36ee8f82b3146a7fda9962045148) Importer(815301076,1909f56bfc062723c751e8b465ee728b)
Start importing Assets/Audio/NewAudioMixer.mixer using Guid(381a36ee8f82b3146a7fda9962045148) Importer(815301076,1909f56bfc062723c751e8b465ee728b)  -> (artifact id: '80310d71c366b42ac6ad5a5e14a98785') in 0.002924 seconds 
========================================================================
Received Import Request.
  Time since last request: 2.617417 seconds.
  path: Assets/Audio/NewAudioMixer.mixer
  artifactKey: Guid(381a36ee8f82b3146a7fda9962045148) Importer(815301076,1909f56bfc062723c751e8b465ee728b)
Start importing Assets/Audio/NewAudioMixer.mixer using Guid(381a36ee8f82b3146a7fda9962045148) Importer(815301076,1909f56bfc062723c751e8b465ee728b)  -> (artifact id: '446f994ce166d42c8e03b0d95faf1196') in 0.003227 seconds 
========================================================================
Received Import Request.
  Time since last request: 8.679337 seconds.
  path: Assets/Audio/NewAudioMixer.mixer
  artifactKey: Guid(381a36ee8f82b3146a7fda9962045148) Importer(815301076,1909f56bfc062723c751e8b465ee728b)
Start importing Assets/Audio/NewAudioMixer.mixer using Guid(381a36ee8f82b3146a7fda9962045148) Importer(815301076,1909f56bfc062723c751e8b465ee728b)  -> (artifact id: 'd1442db05b2dceefddecacaeb5e8dfa3') in 0.002812 seconds 
========================================================================
Received Import Request.
  Time since last request: 1.535983 seconds.
  path: Assets/Audio/NewAudioMixer.mixer
  artifactKey: Guid(381a36ee8f82b3146a7fda9962045148) Importer(815301076,1909f56bfc062723c751e8b465ee728b)
Start importing Assets/Audio/NewAudioMixer.mixer using Guid(381a36ee8f82b3146a7fda9962045148) Importer(815301076,1909f56bfc062723c751e8b465ee728b)  -> (artifact id: 'b24b8ed1bd187ce0528404b2c9882c0c') in 0.003097 seconds 
========================================================================
Received Import Request.
  Time since last request: 1.565211 seconds.
  path: Assets/Audio/NewAudioMixer.mixer
  artifactKey: Guid(381a36ee8f82b3146a7fda9962045148) Importer(815301076,1909f56bfc062723c751e8b465ee728b)
Start importing Assets/Audio/NewAudioMixer.mixer using Guid(381a36ee8f82b3146a7fda9962045148) Importer(815301076,1909f56bfc062723c751e8b465ee728b)  -> (artifact id: 'a390e316d49e6ff2a6d54dd6e98f91c2') in 0.002737 seconds 
========================================================================
Received Import Request.
  Time since last request: 3.278390 seconds.
  path: Assets/Audio/NewAudioMixer.mixer
  artifactKey: Guid(381a36ee8f82b3146a7fda9962045148) Importer(815301076,1909f56bfc062723c751e8b465ee728b)
Start importing Assets/Audio/NewAudioMixer.mixer using Guid(381a36ee8f82b3146a7fda9962045148) Importer(815301076,1909f56bfc062723c751e8b465ee728b)  -> (artifact id: '92b601e69805a6a4a5bfdf471600d0f0') in 0.002775 seconds 
========================================================================
Received Import Request.
  Time since last request: 137.156953 seconds.
  path: Assets/Audio/NewAudioMixer.mixer
  artifactKey: Guid(381a36ee8f82b3146a7fda9962045148) Importer(815301076,1909f56bfc062723c751e8b465ee728b)
Start importing Assets/Audio/NewAudioMixer.mixer using Guid(381a36ee8f82b3146a7fda9962045148) Importer(815301076,1909f56bfc062723c751e8b465ee728b)  -> (artifact id: 'a5c31db0802d503f9c81d1ca9155d6cf') in 0.002958 seconds 
========================================================================
Received Import Request.
  Time since last request: 1.468618 seconds.
  path: Assets/Audio/NewAudioMixer.mixer
  artifactKey: Guid(381a36ee8f82b3146a7fda9962045148) Importer(815301076,1909f56bfc062723c751e8b465ee728b)
Start importing Assets/Audio/NewAudioMixer.mixer using Guid(381a36ee8f82b3146a7fda9962045148) Importer(815301076,1909f56bfc062723c751e8b465ee728b)  -> (artifact id: 'e78dad5bc47e27aac5a6c90e55536f40') in 0.002881 seconds 
========================================================================
Received Import Request.
  Time since last request: 4.527257 seconds.
  path: Assets/Audio/NewAudioMixer.mixer
  artifactKey: Guid(381a36ee8f82b3146a7fda9962045148) Importer(815301076,1909f56bfc062723c751e8b465ee728b)
Start importing Assets/Audio/NewAudioMixer.mixer using Guid(381a36ee8f82b3146a7fda9962045148) Importer(815301076,1909f56bfc062723c751e8b465ee728b)  -> (artifact id: 'f38094a0a4cd106bf15b0005aee8ffa0') in 0.002825 seconds 
========================================================================
Received Import Request.
  Time since last request: 2.654182 seconds.
  path: Assets/Audio/NewAudioMixer.mixer
  artifactKey: Guid(381a36ee8f82b3146a7fda9962045148) Importer(815301076,1909f56bfc062723c751e8b465ee728b)
Start importing Assets/Audio/NewAudioMixer.mixer using Guid(381a36ee8f82b3146a7fda9962045148) Importer(815301076,1909f56bfc062723c751e8b465ee728b)  -> (artifact id: 'c5e92ae7afac0ba24bca706ff03b06a0') in 0.003093 seconds 
========================================================================
Received Import Request.
  Time since last request: 3.398022 seconds.
  path: Assets/Audio/NewAudioMixer.mixer
  artifactKey: Guid(381a36ee8f82b3146a7fda9962045148) Importer(815301076,1909f56bfc062723c751e8b465ee728b)
Start importing Assets/Audio/NewAudioMixer.mixer using Guid(381a36ee8f82b3146a7fda9962045148) Importer(815301076,1909f56bfc062723c751e8b465ee728b)  -> (artifact id: 'b78f186c1ecf2de456d6529aa1ada91b') in 0.002767 seconds 
========================================================================
Received Import Request.
  Time since last request: 3.625157 seconds.
  path: Assets/Audio/NewAudioMixer.mixer
  artifactKey: Guid(381a36ee8f82b3146a7fda9962045148) Importer(815301076,1909f56bfc062723c751e8b465ee728b)
Start importing Assets/Audio/NewAudioMixer.mixer using Guid(381a36ee8f82b3146a7fda9962045148) Importer(815301076,1909f56bfc062723c751e8b465ee728b)  -> (artifact id: '0cff06ecba478e93fcf8966c6e45b470') in 0.003073 seconds 
========================================================================
Received Import Request.
  Time since last request: 1.766895 seconds.
  path: Assets/Audio/NewAudioMixer.mixer
  artifactKey: Guid(381a36ee8f82b3146a7fda9962045148) Importer(815301076,1909f56bfc062723c751e8b465ee728b)
Start importing Assets/Audio/NewAudioMixer.mixer using Guid(381a36ee8f82b3146a7fda9962045148) Importer(815301076,1909f56bfc062723c751e8b465ee728b)  -> (artifact id: 'e66bcbb3096b53de504e712f24e06457') in 0.003219 seconds 
========================================================================
Received Import Request.
  Time since last request: 2.174869 seconds.
  path: Assets/Audio/NewAudioMixer.mixer
  artifactKey: Guid(381a36ee8f82b3146a7fda9962045148) Importer(815301076,1909f56bfc062723c751e8b465ee728b)
Start importing Assets/Audio/NewAudioMixer.mixer using Guid(381a36ee8f82b3146a7fda9962045148) Importer(815301076,1909f56bfc062723c751e8b465ee728b)  -> (artifact id: 'f694a7144817df6c6455543ffbcaa8d3') in 0.002826 seconds 
========================================================================
Received Prepare
Registering precompiled user dll's ...
Registered in 0.005258 seconds.
Begin MonoManager ReloadAssembly
Symbol file LoadedFromMemory doesn't match image C:\Users\alumno\Desktop\AguirreCarolina_Ex2EV\Aguirre_carolina_Ex2EV\Library\PackageCache\com.unity.visualscripting@1.8.0\Editor\VisualScripting.Core\Dependencies\YamlDotNet\Unity.VisualScripting.YamlDotNet.dll
Symbol file LoadedFromMemory doesn't match image C:\Users\alumno\Desktop\AguirreCarolina_Ex2EV\Aguirre_carolina_Ex2EV\Library\PackageCache\com.unity.visualscripting@1.8.0\Editor\VisualScripting.Core\Dependencies\DotNetZip\Unity.VisualScripting.IonicZip.dll
Native extension for WindowsStandalone target not found
Native extension for Android target not found
Native extension for WebGL target not found
Refreshing native plugins compatible for Editor in 0.84 ms, found 3 plugins.
Preloading 0 native plugins for Editor in 0.00 ms.
Mono: successfully reloaded assembly
- Completed reload, in  1.279 seconds
Domain Reload Profiling:
	ReloadAssembly (1279ms)
		BeginReloadAssembly (162ms)
			ExecutionOrderSort (0ms)
			DisableScriptedObjects (7ms)
			BackupInstance (0ms)
			ReleaseScriptingObjects (0ms)
			CreateAndSetChildDomain (60ms)
		EndReloadAssembly (1022ms)
			LoadAssemblies (88ms)
			RebuildTransferFunctionScriptingTraits (0ms)
			SetupTypeCache (292ms)
			ReleaseScriptCaches (2ms)
			RebuildScriptCaches (54ms)
			SetupLoadedEditorAssemblies (495ms)
				LogAssemblyErrors (0ms)
				InitializePlatformSupportModulesInManaged (17ms)
				SetLoadedEditorAssemblies (0ms)
				RefreshPlugins (1ms)
				BeforeProcessingInitializeOnLoad (89ms)
				ProcessInitializeOnLoadAttributes (311ms)
				ProcessInitializeOnLoadMethodAttributes (70ms)
				AfterProcessingInitializeOnLoad (6ms)
				EditorAssembliesLoaded (0ms)
			ExecutionOrderSort2 (0ms)
			AwakeInstancesAfterBackupRestoration (21ms)
Platform modules already initialized, skipping
Refreshing native plugins compatible for Editor in 1.99 ms, found 3 plugins.
Preloading 0 native plugins for Editor in 0.00 ms.
Unloading 5250 Unused Serialized files (Serialized files now loaded: 0)
Unloading 35 unused Assets / (1.8 MB). Loaded Objects now: 5981.
Memory consumption went from 220.6 MB to 218.8 MB.
Total: 4.053200 ms (FindLiveObjects: 0.413700 ms CreateObjectMapping: 0.296900 ms MarkObjects: 2.984000 ms  DeleteObjects: 0.357800 ms)

AssetImportParameters requested are different than current active one (requested -> active):
  custom:video-decoder-ogg-theora: a1e56fd34408186e4bbccfd4996cb3dc -> 
  custom:container-muxer-webm: aa71ff27fc2769a1b78a27578f13a17b -> 
  custom:container-demuxer-webm: 4f35f7cbe854078d1ac9338744f61a02 -> 
  custom:video-encoder-webm-vp8: eb34c28f22e8b96e1ab97ce403110664 -> 
  custom:audio-encoder-webm-vorbis: bf7c407c2cedff20999df2af8eb42d56 -> 
  custom:framework-win-MediaFoundation: 216162199b28c13a410421893ffa2e32 -> 
  custom:container-demuxer-ogg: 62fdf1f143b41e24485cea50d1cbac27 -> 
  custom:video-decoder-webm-vp8: 9c59270c3fd7afecdb556c50c9e8de78 -> 
  custom:audio-decoder-ogg-vorbis: bf7c407c2cedff20999df2af8eb42d56 -> 
========================================================================
Received Prepare
Registering precompiled user dll's ...
Registered in 0.005483 seconds.
Begin MonoManager ReloadAssembly
Symbol file LoadedFromMemory doesn't match image C:\Users\alumno\Desktop\AguirreCarolina_Ex2EV\Aguirre_carolina_Ex2EV\Library\PackageCache\com.unity.visualscripting@1.8.0\Editor\VisualScripting.Core\Dependencies\YamlDotNet\Unity.VisualScripting.YamlDotNet.dll
Symbol file LoadedFromMemory doesn't match image C:\Users\alumno\Desktop\AguirreCarolina_Ex2EV\Aguirre_carolina_Ex2EV\Library\PackageCache\com.unity.visualscripting@1.8.0\Editor\VisualScripting.Core\Dependencies\DotNetZip\Unity.VisualScripting.IonicZip.dll
Native extension for WindowsStandalone target not found
Native extension for Android target not found
Native extension for WebGL target not found
Refreshing native plugins compatible for Editor in 0.93 ms, found 3 plugins.
Preloading 0 native plugins for Editor in 0.00 ms.
Mono: successfully reloaded assembly
- Completed reload, in  1.322 seconds
Domain Reload Profiling:
	ReloadAssembly (1322ms)
		BeginReloadAssembly (130ms)
			ExecutionOrderSort (0ms)
			DisableScriptedObjects (5ms)
			BackupInstance (0ms)
			ReleaseScriptingObjects (0ms)
			CreateAndSetChildDomain (36ms)
		EndReloadAssembly (1096ms)
			LoadAssemblies (89ms)
			RebuildTransferFunctionScriptingTraits (0ms)
			SetupTypeCache (277ms)
			ReleaseScriptCaches (2ms)
			RebuildScriptCaches (66ms)
			SetupLoadedEditorAssemblies (527ms)
				LogAssemblyErrors (0ms)
				InitializePlatformSupportModulesInManaged (19ms)
				SetLoadedEditorAssemblies (0ms)
				RefreshPlugins (1ms)
				BeforeProcessingInitializeOnLoad (87ms)
				ProcessInitializeOnLoadAttributes (337ms)
				ProcessInitializeOnLoadMethodAttributes (75ms)
				AfterProcessingInitializeOnLoad (7ms)
				EditorAssembliesLoaded (0ms)
			ExecutionOrderSort2 (0ms)
			AwakeInstancesAfterBackupRestoration (21ms)
Platform modules already initialized, skipping
Refreshing native plugins compatible for Editor in 2.44 ms, found 3 plugins.
Preloading 0 native plugins for Editor in 0.00 ms.
Unloading 5250 Unused Serialized files (Serialized files now loaded: 0)
Unloading 35 unused Assets / (1.8 MB). Loaded Objects now: 5996.
Memory consumption went from 220.5 MB to 218.7 MB.
Total: 4.661500 ms (FindLiveObjects: 0.470600 ms CreateObjectMapping: 0.378500 ms MarkObjects: 3.230900 ms  DeleteObjects: 0.580200 ms)

AssetImportParameters requested are different than current active one (requested -> active):
  custom:video-decoder-ogg-theora: a1e56fd34408186e4bbccfd4996cb3dc -> 
  custom:container-muxer-webm: aa71ff27fc2769a1b78a27578f13a17b -> 
  custom:container-demuxer-webm: 4f35f7cbe854078d1ac9338744f61a02 -> 
  custom:video-encoder-webm-vp8: eb34c28f22e8b96e1ab97ce403110664 -> 
  custom:audio-encoder-webm-vorbis: bf7c407c2cedff20999df2af8eb42d56 -> 
  custom:framework-win-MediaFoundation: 216162199b28c13a410421893ffa2e32 -> 
  custom:container-demuxer-ogg: 62fdf1f143b41e24485cea50d1cbac27 -> 
  custom:video-decoder-webm-vp8: 9c59270c3fd7afecdb556c50c9e8de78 -> 
  custom:audio-decoder-ogg-vorbis: bf7c407c2cedff20999df2af8eb42d56 -> 
========================================================================
Received Prepare
Registering precompiled user dll's ...
Registered in 0.005462 seconds.
Begin MonoManager ReloadAssembly
Symbol file LoadedFromMemory doesn't match image C:\Users\alumno\Desktop\AguirreCarolina_Ex2EV\Aguirre_carolina_Ex2EV\Library\PackageCache\com.unity.visualscripting@1.8.0\Editor\VisualScripting.Core\Dependencies\YamlDotNet\Unity.VisualScripting.YamlDotNet.dll
Symbol file LoadedFromMemory doesn't match image C:\Users\alumno\Desktop\AguirreCarolina_Ex2EV\Aguirre_carolina_Ex2EV\Library\PackageCache\com.unity.visualscripting@1.8.0\Editor\VisualScripting.Core\Dependencies\DotNetZip\Unity.VisualScripting.IonicZip.dll
Native extension for WindowsStandalone target not found
Native extension for Android target not found
Native extension for WebGL target not found
Refreshing native plugins compatible for Editor in 0.86 ms, found 3 plugins.
Preloading 0 native plugins for Editor in 0.00 ms.
Mono: successfully reloaded assembly
- Completed reload, in  1.262 seconds
Domain Reload Profiling:
	ReloadAssembly (1262ms)
		BeginReloadAssembly (136ms)
			ExecutionOrderSort (0ms)
			DisableScriptedObjects (4ms)
			BackupInstance (0ms)
			ReleaseScriptingObjects (0ms)
			CreateAndSetChildDomain (36ms)
		EndReloadAssembly (1023ms)
			LoadAssemblies (109ms)
			RebuildTransferFunctionScriptingTraits (0ms)
			SetupTypeCache (307ms)
			ReleaseScriptCaches (2ms)
			RebuildScriptCaches (48ms)
			SetupLoadedEditorAssemblies (471ms)
				LogAssemblyErrors (0ms)
				InitializePlatformSupportModulesInManaged (18ms)
				SetLoadedEditorAssemblies (0ms)
				RefreshPlugins (1ms)
				BeforeProcessingInitializeOnLoad (81ms)
				ProcessInitializeOnLoadAttributes (296ms)
				ProcessInitializeOnLoadMethodAttributes (66ms)
				AfterProcessingInitializeOnLoad (9ms)
				EditorAssembliesLoaded (0ms)
			ExecutionOrderSort2 (0ms)
			AwakeInstancesAfterBackupRestoration (18ms)
Platform modules already initialized, skipping
Refreshing native plugins compatible for Editor in 1.96 ms, found 3 plugins.
Preloading 0 native plugins for Editor in 0.00 ms.
Unloading 5250 Unused Serialized files (Serialized files now loaded: 0)
Unloading 35 unused Assets / (1.8 MB). Loaded Objects now: 6011.
Memory consumption went from 220.6 MB to 218.7 MB.
Total: 3.760800 ms (FindLiveObjects: 0.429900 ms CreateObjectMapping: 0.331000 ms MarkObjects: 2.628100 ms  DeleteObjects: 0.370900 ms)

AssetImportParameters requested are different than current active one (requested -> active):
  custom:video-decoder-ogg-theora: a1e56fd34408186e4bbccfd4996cb3dc -> 
  custom:container-muxer-webm: aa71ff27fc2769a1b78a27578f13a17b -> 
  custom:container-demuxer-webm: 4f35f7cbe854078d1ac9338744f61a02 -> 
  custom:video-encoder-webm-vp8: eb34c28f22e8b96e1ab97ce403110664 -> 
  custom:audio-encoder-webm-vorbis: bf7c407c2cedff20999df2af8eb42d56 -> 
  custom:framework-win-MediaFoundation: 216162199b28c13a410421893ffa2e32 -> 
  custom:container-demuxer-ogg: 62fdf1f143b41e24485cea50d1cbac27 -> 
  custom:video-decoder-webm-vp8: 9c59270c3fd7afecdb556c50c9e8de78 -> 
  custom:audio-decoder-ogg-vorbis: bf7c407c2cedff20999df2af8eb42d56 -> 
========================================================================
Received Import Request.
  Time since last request: 267.646714 seconds.
  path: Assets/Enemigo/dragon.prefab
  artifactKey: Guid(b4af09b94892f324d911ac19e6ff24c9) Importer(815301076,1909f56bfc062723c751e8b465ee728b)
Start importing Assets/Enemigo/dragon.prefab using Guid(b4af09b94892f324d911ac19e6ff24c9) Importer(815301076,1909f56bfc062723c751e8b465ee728b)  -> (artifact id: '1709276da7227d7b9a9a304fa768c9df') in 0.227767 seconds 
========================================================================
Received Import Request.
  Time since last request: 8.874881 seconds.
  path: Assets/codigo
  artifactKey: Guid(019fd9510e0e6ca41814418161725cab) Importer(815301076,1909f56bfc062723c751e8b465ee728b)
Start importing Assets/codigo using Guid(019fd9510e0e6ca41814418161725cab) Importer(815301076,1909f56bfc062723c751e8b465ee728b)  -> (artifact id: '0ea9a546bd4f302a9a2c99a7d8bbcc9a') in 0.008199 seconds 
========================================================================
Received Import Request.
  Time since last request: 5.814606 seconds.
  path: Assets/codigo/enemigo.cs
  artifactKey: Guid(b4dfc485a69c9034da41b8e1e2261256) Importer(815301076,1909f56bfc062723c751e8b465ee728b)
Start importing Assets/codigo/enemigo.cs using Guid(b4dfc485a69c9034da41b8e1e2261256) Importer(815301076,1909f56bfc062723c751e8b465ee728b)  -> (artifact id: '0a88c7290bd4947394da388b5e2ca1c5') in 0.010567 seconds 
========================================================================
Received Import Request.
  Time since last request: 32.072845 seconds.
  path: Assets/codigo/Player.cs
  artifactKey: Guid(299319b6bdf46bd499ffd6067a52367c) Importer(815301076,1909f56bfc062723c751e8b465ee728b)
Start importing Assets/codigo/Player.cs using Guid(299319b6bdf46bd499ffd6067a52367c) Importer(815301076,1909f56bfc062723c751e8b465ee728b)  -> (artifact id: 'fdbab1afe8e58e6cff194df3c6047cb3') in 0.006605 seconds 
========================================================================
Received Import Request.
  Time since last request: 6.871395 seconds.
  path: Assets/codigo/dragon.cs
  artifactKey: Guid(621ccf7e1e241b8448506547a4223838) Importer(815301076,1909f56bfc062723c751e8b465ee728b)
Start importing Assets/codigo/dragon.cs using Guid(621ccf7e1e241b8448506547a4223838) Importer(815301076,1909f56bfc062723c751e8b465ee728b)  -> (artifact id: '011f382bb7a0ad618d0d2b569c8622ba') in 0.008762 seconds 
========================================================================
Received Import Request.
  Time since last request: 8.947592 seconds.
  path: Assets/codigo/enemigo.cs
  artifactKey: Guid(b4dfc485a69c9034da41b8e1e2261256) Importer(815301076,1909f56bfc062723c751e8b465ee728b)
Start importing Assets/codigo/enemigo.cs using Guid(b4dfc485a69c9034da41b8e1e2261256) Importer(815301076,1909f56bfc062723c751e8b465ee728b)  -> (artifact id: '7ba16275d30557f8625fa24179e9f496') in 0.002061 seconds 
========================================================================
Received Import Request.
  Time since last request: 49.559086 seconds.
  path: Assets/codigo/dragon.cs
  artifactKey: Guid(621ccf7e1e241b8448506547a4223838) Importer(815301076,1909f56bfc062723c751e8b465ee728b)
Start importing Assets/codigo/dragon.cs using Guid(621ccf7e1e241b8448506547a4223838) Importer(815301076,1909f56bfc062723c751e8b465ee728b)  -> (artifact id: '65c7fe20c950ad8553d46a2ab22217aa') in 0.003475 seconds 
========================================================================
Received Import Request.
  Time since last request: 68.467054 seconds.
  path: ProjectSettings/TagManager.asset
  artifactKey: Guid(00000000000000003000000000000000) Importer(815301076,1909f56bfc062723c751e8b465ee728b)
Start importing ProjectSettings/TagManager.asset using Guid(00000000000000003000000000000000) Importer(815301076,1909f56bfc062723c751e8b465ee728b)  -> (artifact id: 'c71ef3d37d41a84f7302deacd7bba084') in 0.009248 seconds 
========================================================================
Received Import Request.
  Time since last request: 23.181715 seconds.
  path: Assets/codigo/enemigo.cs
  artifactKey: Guid(b4dfc485a69c9034da41b8e1e2261256) Importer(815301076,1909f56bfc062723c751e8b465ee728b)
Start importing Assets/codigo/enemigo.cs using Guid(b4dfc485a69c9034da41b8e1e2261256) Importer(815301076,1909f56bfc062723c751e8b465ee728b)  -> (artifact id: 'e3dfe49101fb4d1a489073ee745785b9') in 0.002384 seconds 
========================================================================
Received Import Request.
  Time since last request: 35.244771 seconds.
  path: Assets/Enemigo/dragon.prefab
  artifactKey: Guid(b4af09b94892f324d911ac19e6ff24c9) Importer(815301076,1909f56bfc062723c751e8b465ee728b)
Start importing Assets/Enemigo/dragon.prefab using Guid(b4af09b94892f324d911ac19e6ff24c9) Importer(815301076,1909f56bfc062723c751e8b465ee728b)  -> (artifact id: '8d8edbf5434eb0b8574bf2e6eeb6f8f3') in 0.026879 seconds 
========================================================================
Received Import Request.
  Time since last request: 2.360677 seconds.
  path: Assets/Enemigo/dragon.prefab
  artifactKey: Guid(b4af09b94892f324d911ac19e6ff24c9) Importer(815301076,1909f56bfc062723c751e8b465ee728b)
Start importing Assets/Enemigo/dragon.prefab using Guid(b4af09b94892f324d911ac19e6ff24c9) Importer(815301076,1909f56bfc062723c751e8b465ee728b)  -> (artifact id: '6e5c548a3fda65e695f710804e1d66a3') in 0.018879 seconds 
========================================================================
Received Import Request.
  Time since last request: 4.608349 seconds.
  path: Assets/Enemigo/dragon.prefab
  artifactKey: Guid(b4af09b94892f324d911ac19e6ff24c9) Importer(815301076,1909f56bfc062723c751e8b465ee728b)
Start importing Assets/Enemigo/dragon.prefab using Guid(b4af09b94892f324d911ac19e6ff24c9) Importer(815301076,1909f56bfc062723c751e8b465ee728b)  -> (artifact id: 'ef765f1fef52495fb6670eadef59c0be') in 0.020769 seconds 
========================================================================
Received Import Request.
  Time since last request: 2.805736 seconds.
  path: Assets/Enemigo/dragon.prefab
  artifactKey: Guid(b4af09b94892f324d911ac19e6ff24c9) Importer(815301076,1909f56bfc062723c751e8b465ee728b)
Start importing Assets/Enemigo/dragon.prefab using Guid(b4af09b94892f324d911ac19e6ff24c9) Importer(815301076,1909f56bfc062723c751e8b465ee728b)  -> (artifact id: '2b8f740112143ad9f7ff6eb916a8a868') in 0.025729 seconds 
========================================================================
Received Import Request.
  Time since last request: 1.360409 seconds.
  path: Assets/Enemigo/dragon.prefab
  artifactKey: Guid(b4af09b94892f324d911ac19e6ff24c9) Importer(815301076,1909f56bfc062723c751e8b465ee728b)
Start importing Assets/Enemigo/dragon.prefab using Guid(b4af09b94892f324d911ac19e6ff24c9) Importer(815301076,1909f56bfc062723c751e8b465ee728b)  -> (artifact id: '34b0327d561c63e4409b73b0a10aa177') in 0.020116 seconds 
========================================================================
Received Import Request.
  Time since last request: 4.408881 seconds.
  path: Assets/Enemigo/dragon.prefab
  artifactKey: Guid(b4af09b94892f324d911ac19e6ff24c9) Importer(815301076,1909f56bfc062723c751e8b465ee728b)
Start importing Assets/Enemigo/dragon.prefab using Guid(b4af09b94892f324d911ac19e6ff24c9) Importer(815301076,1909f56bfc062723c751e8b465ee728b)  -> (artifact id: '73b09e1c19e82807448f19a90d6a9089') in 0.021204 seconds 
========================================================================
Received Import Request.
  Time since last request: 869.359206 seconds.
  path: Assets/personajes
  artifactKey: Guid(6319402f5331bdf4ea207d592b72d58f) Importer(815301076,1909f56bfc062723c751e8b465ee728b)
Start importing Assets/personajes using Guid(6319402f5331bdf4ea207d592b72d58f) Importer(815301076,1909f56bfc062723c751e8b465ee728b)  -> (artifact id: 'a06095dc9549a09888b71f9c3822c95c') in 0.007866 seconds 
========================================================================
Received Import Request.
  Time since last request: 52.153566 seconds.
  path: Assets/Aguirre_carolina_Ex2EV2.unity
  artifactKey: Guid(8953f495c3cff3542a8f52b47f245447) Importer(815301076,1909f56bfc062723c751e8b465ee728b)
Start importing Assets/Aguirre_carolina_Ex2EV2.unity using Guid(8953f495c3cff3542a8f52b47f245447) Importer(815301076,1909f56bfc062723c751e8b465ee728b)  -> (artifact id: 'cb3b36e6420d90dd47dedf4dd15b2bce') in 0.009704 seconds 
========================================================================
Received Import Request.
  Time since last request: 8.534946 seconds.
  path: Assets/Scenes/SampleScene.unity
  artifactKey: Guid(99c9720ab356a0642a771bea13969a05) Importer(815301076,1909f56bfc062723c751e8b465ee728b)
Start importing Assets/Scenes/SampleScene.unity using Guid(99c9720ab356a0642a771bea13969a05) Importer(815301076,1909f56bfc062723c751e8b465ee728b)  -> (artifact id: '72b9211d6bda112079dd03c835deca0a') in 0.008142 seconds 
========================================================================
Received Import Request.
  Time since last request: 3.052447 seconds.
  path: Assets/Scenes/SampleScene.unity
  artifactKey: Guid(99c9720ab356a0642a771bea13969a05) Importer(815301076,1909f56bfc062723c751e8b465ee728b)
Start importing Assets/Scenes/SampleScene.unity using Guid(99c9720ab356a0642a771bea13969a05) Importer(815301076,1909f56bfc062723c751e8b465ee728b)  -> (artifact id: '2912913dea3a3a7f49554321a4db230e') in 0.002209 seconds 
========================================================================
Received Import Request.
  Time since last request: 12.283818 seconds.
  path: Assets/personajes/Character/Animations
  artifactKey: Guid(a3a4ebb90aa1842478b65401daa87199) Importer(815301076,1909f56bfc062723c751e8b465ee728b)
Start importing Assets/personajes/Character/Animations using Guid(a3a4ebb90aa1842478b65401daa87199) Importer(815301076,1909f56bfc062723c751e8b465ee728b)  -> (artifact id: 'b9ee89b03ed4335a7efb62a8da8f09fc') in 0.008624 seconds 
========================================================================
Received Import Request.
  Time since last request: 0.040137 seconds.
  path: Assets/personajes/Character/Animations/Breathing Idle.fbx
  artifactKey: Guid(353e699b49011f34298990eb40a2a049) Importer(815301076,1909f56bfc062723c751e8b465ee728b)
Start importing Assets/personajes/Character/Animations/Breathing Idle.fbx using Guid(353e699b49011f34298990eb40a2a049) Importer(815301076,1909f56bfc062723c751e8b465ee728b)  -> (artifact id: 'c85d7584ecf1a37c8265141468c0fcc6') in 0.019129 seconds 
========================================================================
Received Import Request.
  Time since last request: 0.000030 seconds.
  path: Assets/personajes/Character/Animations/Walk Backwards.fbx
  artifactKey: Guid(684fb9ced29ab4347b2bcac9566bf26b) Importer(815301076,1909f56bfc062723c751e8b465ee728b)
Start importing Assets/personajes/Character/Animations/Walk Backwards.fbx using Guid(684fb9ced29ab4347b2bcac9566bf26b) Importer(815301076,1909f56bfc062723c751e8b465ee728b)  -> (artifact id: '0244bda2c3e77e3834690ef39d21c45e') in 0.011631 seconds 
========================================================================
Received Import Request.
  Time since last request: 0.000031 seconds.
  path: Assets/personajes/Character/Animations/Stand To Roll.fbx
  artifactKey: Guid(21fb3ea9d379ff04ea62125ef0324504) Importer(815301076,1909f56bfc062723c751e8b465ee728b)
Start importing Assets/personajes/Character/Animations/Stand To Roll.fbx using Guid(21fb3ea9d379ff04ea62125ef0324504) Importer(815301076,1909f56bfc062723c751e8b465ee728b)  -> (artifact id: '21a8fa0aefd3b6c8be22b25a30d61ec6') in 0.012799 seconds 
========================================================================
Received Import Request.
  Time since last request: 8.770582 seconds.
  path: Assets/Audio/NewAudioMixer.mixer
  artifactKey: Guid(381a36ee8f82b3146a7fda9962045148) Importer(815301076,1909f56bfc062723c751e8b465ee728b)
Start importing Assets/Audio/NewAudioMixer.mixer using Guid(381a36ee8f82b3146a7fda9962045148) Importer(815301076,1909f56bfc062723c751e8b465ee728b)  -> (artifact id: '46e2f7c659ac389d07fd16a20550c7ea') in 0.002967 seconds 
========================================================================
Received Import Request.
  Time since last request: 2.072597 seconds.
  path: Assets/Settings
  artifactKey: Guid(709f11a7f3c4041caa4ef136ea32d874) Importer(815301076,1909f56bfc062723c751e8b465ee728b)
Start importing Assets/Settings using Guid(709f11a7f3c4041caa4ef136ea32d874) Importer(815301076,1909f56bfc062723c751e8b465ee728b)  -> (artifact id: 'dfaa9b38051423c63420310940c3f677') in 0.007699 seconds 
