Using pre-set license
Built from '2021.3/staging' branch; Version is '2021.3.22f1 (b6c551784ba3) revision 11978065'; Using compiler version '192829333'; Build Type 'Release'
OS: 'Windows 10  (10.0.19045) 64bit ProfessionalEducation' Language: 'es' Physical Memory: 16293 MB
BatchMode: 1, IsHumanControllingUs: 0, StartBugReporterOnCrash: 0, Is64bit: 1, IsPro: 1

COMMAND LINE ARGUMENTS:
C:\Program Files\Unity\Hub\Editor\2021.3.22f1\Editor\Unity.exe
-adb2
-batchMode
-noUpm
-name
AssetImportWorker2
-projectPath
C:/Users/alumno/Desktop/AguirreCarolina_Ex2EV/Aguirre_carolina_Ex2EV
-logFile
Logs/AssetImportWorker2.log
-srvPort
62790
Successfully changed project path to: C:/Users/alumno/Desktop/AguirreCarolina_Ex2EV/Aguirre_carolina_Ex2EV
C:/Users/alumno/Desktop/AguirreCarolina_Ex2EV/Aguirre_carolina_Ex2EV
[UnityMemory] Configuration Parameters - Can be set up in boot.config
    "memorysetup-bucket-allocator-granularity=16"
    "memorysetup-bucket-allocator-bucket-count=8"
    "memorysetup-bucket-allocator-block-size=33554432"
    "memorysetup-bucket-allocator-block-count=8"
    "memorysetup-main-allocator-block-size=16777216"
    "memorysetup-thread-allocator-block-size=16777216"
    "memorysetup-gfx-main-allocator-block-size=16777216"
    "memorysetup-gfx-thread-allocator-block-size=16777216"
    "memorysetup-cache-allocator-block-size=4194304"
    "memorysetup-typetree-allocator-block-size=2097152"
    "memorysetup-profiler-bucket-allocator-granularity=16"
    "memorysetup-profiler-bucket-allocator-bucket-count=8"
    "memorysetup-profiler-bucket-allocator-block-size=33554432"
    "memorysetup-profiler-bucket-allocator-block-count=8"
    "memorysetup-profiler-allocator-block-size=16777216"
    "memorysetup-profiler-editor-allocator-block-size=1048576"
    "memorysetup-temp-allocator-size-main=16777216"
    "memorysetup-job-temp-allocator-block-size=2097152"
    "memorysetup-job-temp-allocator-block-size-background=1048576"
    "memorysetup-job-temp-allocator-reduction-small-platforms=262144"
    "memorysetup-temp-allocator-size-background-worker=32768"
    "memorysetup-temp-allocator-size-job-worker=262144"
    "memorysetup-temp-allocator-size-preload-manager=33554432"
    "memorysetup-temp-allocator-size-nav-mesh-worker=65536"
    "memorysetup-temp-allocator-size-audio-worker=65536"
    "memorysetup-temp-allocator-size-cloud-worker=32768"
    "memorysetup-temp-allocator-size-gi-baking-worker=262144"
    "memorysetup-temp-allocator-size-gfx=262144"
Player connection [25408] Host "[IP] 192.168.124.102 [Port] 0 [Flags] 2 [Guid] 2406575711 [EditorId] 2406575711 [Version] 1048832 [Id] WindowsEditor(7,A3D2-PC-08) [Debug] 1 [PackageName] WindowsEditor [ProjectName] Editor" joined multi-casting on [225.0.0.222:54997]...

Player connection [25408] Host "[IP] 192.168.124.102 [Port] 0 [Flags] 2 [Guid] 2406575711 [EditorId] 2406575711 [Version] 1048832 [Id] WindowsEditor(7,A3D2-PC-08) [Debug] 1 [PackageName] WindowsEditor [ProjectName] Editor" joined alternative multi-casting on [225.0.0.222:34997]...

Refreshing native plugins compatible for Editor in 125.03 ms, found 3 plugins.
Preloading 0 native plugins for Editor in 0.00 ms.
Initialize engine version: 2021.3.22f1 (b6c551784ba3)
[Subsystems] Discovering subsystems at path C:/Program Files/Unity/Hub/Editor/2021.3.22f1/Editor/Data/Resources/UnitySubsystems
[Subsystems] Discovering subsystems at path C:/Users/alumno/Desktop/AguirreCarolina_Ex2EV/Aguirre_carolina_Ex2EV/Assets
GfxDevice: creating device client; threaded=0; jobified=0
Direct3D:
    Version:  Direct3D 11.0 [level 11.1]
    Renderer: NVIDIA GeForce GTX 1660 SUPER (ID=0x21c4)
    Vendor:   NVIDIA
    VRAM:     5980 MB
    Driver:   31.0.15.3623
Initialize mono
Mono path[0] = 'C:/Program Files/Unity/Hub/Editor/2021.3.22f1/Editor/Data/Managed'
Mono path[1] = 'C:/Program Files/Unity/Hub/Editor/2021.3.22f1/Editor/Data/MonoBleedingEdge/lib/mono/unityjit-win32'
Mono config path = 'C:/Program Files/Unity/Hub/Editor/2021.3.22f1/Editor/Data/MonoBleedingEdge/etc'
Using monoOptions --debugger-agent=transport=dt_socket,embedding=1,server=y,suspend=n,address=127.0.0.1:56272
Begin MonoManager ReloadAssembly
Registering precompiled unity dll's ...
Register platform support module: C:/Program Files/Unity/Hub/Editor/2021.3.22f1/Editor/Data/PlaybackEngines/WebGLSupport/UnityEditor.WebGL.Extensions.dll
Register platform support module: C:/Program Files/Unity/Hub/Editor/2021.3.22f1/Editor/Data/PlaybackEngines/AndroidPlayer/UnityEditor.Android.Extensions.dll
Register platform support module: C:/Program Files/Unity/Hub/Editor/2021.3.22f1/Editor/Data/PlaybackEngines/WindowsStandaloneSupport/UnityEditor.WindowsStandalone.Extensions.dll
Registered in 0.007690 seconds.
Native extension for WindowsStandalone target not found
Native extension for Android target not found
Android Extension - Scanning For ADB Devices 216 ms
Native extension for WebGL target not found
Refreshing native plugins compatible for Editor in 119.69 ms, found 3 plugins.
Preloading 0 native plugins for Editor in 0.00 ms.
Mono: successfully reloaded assembly
- Completed reload, in  0.947 seconds
Domain Reload Profiling:
	ReloadAssembly (947ms)
		BeginReloadAssembly (80ms)
			ExecutionOrderSort (0ms)
			DisableScriptedObjects (0ms)
			BackupInstance (0ms)
			ReleaseScriptingObjects (0ms)
			CreateAndSetChildDomain (1ms)
		EndReloadAssembly (770ms)
			LoadAssemblies (79ms)
			RebuildTransferFunctionScriptingTraits (0ms)
			SetupTypeCache (131ms)
			ReleaseScriptCaches (0ms)
			RebuildScriptCaches (25ms)
			SetupLoadedEditorAssemblies (564ms)
				LogAssemblyErrors (0ms)
				InitializePlatformSupportModulesInManaged (296ms)
				SetLoadedEditorAssemblies (0ms)
				RefreshPlugins (120ms)
				BeforeProcessingInitializeOnLoad (1ms)
				ProcessInitializeOnLoadAttributes (105ms)
				ProcessInitializeOnLoadMethodAttributes (42ms)
				AfterProcessingInitializeOnLoad (0ms)
				EditorAssembliesLoaded (0ms)
			ExecutionOrderSort2 (0ms)
			AwakeInstancesAfterBackupRestoration (0ms)
Platform modules already initialized, skipping
Registering precompiled user dll's ...
Registered in 0.005374 seconds.
Begin MonoManager ReloadAssembly
Symbol file LoadedFromMemory doesn't match image C:\Users\alumno\Desktop\AguirreCarolina_Ex2EV\Aguirre_carolina_Ex2EV\Library\PackageCache\com.unity.visualscripting@1.8.0\Editor\VisualScripting.Core\Dependencies\YamlDotNet\Unity.VisualScripting.YamlDotNet.dll
Symbol file LoadedFromMemory doesn't match image C:\Users\alumno\Desktop\AguirreCarolina_Ex2EV\Aguirre_carolina_Ex2EV\Library\PackageCache\com.unity.visualscripting@1.8.0\Editor\VisualScripting.Core\Dependencies\DotNetZip\Unity.VisualScripting.IonicZip.dll
Native extension for WindowsStandalone target not found
Native extension for Android target not found
Native extension for WebGL target not found
Refreshing native plugins compatible for Editor in 114.29 ms, found 3 plugins.
Preloading 0 native plugins for Editor in 0.00 ms.
Mono: successfully reloaded assembly
- Completed reload, in  1.442 seconds
Domain Reload Profiling:
	ReloadAssembly (1442ms)
		BeginReloadAssembly (118ms)
			ExecutionOrderSort (0ms)
			DisableScriptedObjects (5ms)
			BackupInstance (0ms)
			ReleaseScriptingObjects (0ms)
			CreateAndSetChildDomain (20ms)
		EndReloadAssembly (1219ms)
			LoadAssemblies (91ms)
			RebuildTransferFunctionScriptingTraits (0ms)
			SetupTypeCache (318ms)
			ReleaseScriptCaches (1ms)
			RebuildScriptCaches (71ms)
			SetupLoadedEditorAssemblies (688ms)
				LogAssemblyErrors (0ms)
				InitializePlatformSupportModulesInManaged (17ms)
				SetLoadedEditorAssemblies (0ms)
				RefreshPlugins (114ms)
				BeforeProcessingInitializeOnLoad (115ms)
				ProcessInitializeOnLoadAttributes (358ms)
				ProcessInitializeOnLoadMethodAttributes (73ms)
				AfterProcessingInitializeOnLoad (10ms)
				EditorAssembliesLoaded (0ms)
			ExecutionOrderSort2 (0ms)
			AwakeInstancesAfterBackupRestoration (5ms)
Platform modules already initialized, skipping
========================================================================
Worker process is ready to serve import requests
Launched and connected shader compiler UnityShaderCompiler.exe after 0.04 seconds
Refreshing native plugins compatible for Editor in 3.64 ms, found 3 plugins.
Preloading 0 native plugins for Editor in 0.00 ms.
Unloading 5405 Unused Serialized files (Serialized files now loaded: 0)
Unloading 69 unused Assets / (2.3 MB). Loaded Objects now: 5861.
Memory consumption went from 225.5 MB to 223.3 MB.
Total: 4.542100 ms (FindLiveObjects: 0.536500 ms CreateObjectMapping: 0.456700 ms MarkObjects: 2.983600 ms  DeleteObjects: 0.564200 ms)

AssetImportParameters requested are different than current active one (requested -> active):
  custom:video-decoder-ogg-theora: a1e56fd34408186e4bbccfd4996cb3dc -> 
  custom:container-muxer-webm: aa71ff27fc2769a1b78a27578f13a17b -> 
  custom:container-demuxer-webm: 4f35f7cbe854078d1ac9338744f61a02 -> 
  custom:video-encoder-webm-vp8: eb34c28f22e8b96e1ab97ce403110664 -> 
  custom:audio-encoder-webm-vorbis: bf7c407c2cedff20999df2af8eb42d56 -> 
  custom:framework-win-MediaFoundation: 216162199b28c13a410421893ffa2e32 -> 
  custom:container-demuxer-ogg: 62fdf1f143b41e24485cea50d1cbac27 -> 
  custom:video-decoder-webm-vp8: 9c59270c3fd7afecdb556c50c9e8de78 -> 
  custom:audio-decoder-ogg-vorbis: bf7c407c2cedff20999df2af8eb42d56 -> 
========================================================================
Received Import Request.
  Time since last request: 8476.519533 seconds.
  path: Assets/New Terrain 1.asset
  artifactKey: Guid(9a7544aa0f8ad7e4986a2be315b94a4e) Importer(815301076,1909f56bfc062723c751e8b465ee728b)
Start importing Assets/New Terrain 1.asset using Guid(9a7544aa0f8ad7e4986a2be315b94a4e) Importer(815301076,1909f56bfc062723c751e8b465ee728b)  -> (artifact id: 'c656d1079a24e72993898f55372557c4') in 0.045863 seconds 
========================================================================
Received Import Request.
  Time since last request: 0.000023 seconds.
  path: Assets/Readme.asset
  artifactKey: Guid(8105016687592461f977c054a80ce2f2) Importer(815301076,1909f56bfc062723c751e8b465ee728b)
Start importing Assets/Readme.asset using Guid(8105016687592461f977c054a80ce2f2) Importer(815301076,1909f56bfc062723c751e8b465ee728b)  -> (artifact id: '0f2f2b655bf21bdea72856b1c39a4a32') in 0.009876 seconds 
========================================================================
Received Import Request.
  Time since last request: 0.000027 seconds.
  path: Assets/InputSystem.inputsettings.asset
  artifactKey: Guid(5648348136fb78d479714f5fcab4c812) Importer(815301076,1909f56bfc062723c751e8b465ee728b)
Start importing Assets/InputSystem.inputsettings.asset using Guid(5648348136fb78d479714f5fcab4c812) Importer(815301076,1909f56bfc062723c751e8b465ee728b)  -> (artifact id: 'ad1b0684d71b999744b72ced6900c370') in 0.007753 seconds 
========================================================================
Received Import Request.
  Time since last request: 14.390459 seconds.
  path: Assets/Scenes
  artifactKey: Guid(9c53962885c2c4f449125a979d6ad240) Importer(815301076,1909f56bfc062723c751e8b465ee728b)
Start importing Assets/Scenes using Guid(9c53962885c2c4f449125a979d6ad240) Importer(815301076,1909f56bfc062723c751e8b465ee728b)  -> (artifact id: '7f1480ff4af096e12daf936c2b57b168') in 0.006960 seconds 
========================================================================
Received Import Request.
  Time since last request: 0.933296 seconds.
  path: Assets/Scenes/SampleScene.unity
  artifactKey: Guid(99c9720ab356a0642a771bea13969a05) Importer(815301076,1909f56bfc062723c751e8b465ee728b)
Start importing Assets/Scenes/SampleScene.unity using Guid(99c9720ab356a0642a771bea13969a05) Importer(815301076,1909f56bfc062723c751e8b465ee728b)  -> (artifact id: '900c85dbde05255071306cdd4e1442c5') in 0.009143 seconds 
========================================================================
Received Import Request.
  Time since last request: 8.654146 seconds.
  path: Assets/Terrain
  artifactKey: Guid(021bd6c895c6e8e4d810e322a41ce160) Importer(815301076,1909f56bfc062723c751e8b465ee728b)
Start importing Assets/Terrain using Guid(021bd6c895c6e8e4d810e322a41ce160) Importer(815301076,1909f56bfc062723c751e8b465ee728b)  -> (artifact id: '255b0e4a84a7d6be4ab8fd620d39945c') in 0.008175 seconds 
========================================================================
Received Import Request.
  Time since last request: 0.048836 seconds.
  path: Assets/Terrain/Terrain_0_0_5f8382e1-785d-4c3a-9d59-62200611e42b.asset
  artifactKey: Guid(d901c1c0ad9ad8b41b4dff03244b6cb3) Importer(815301076,1909f56bfc062723c751e8b465ee728b)
Start importing Assets/Terrain/Terrain_0_0_5f8382e1-785d-4c3a-9d59-62200611e42b.asset using Guid(d901c1c0ad9ad8b41b4dff03244b6cb3) Importer(815301076,1909f56bfc062723c751e8b465ee728b)  -> (artifact id: '42227519ae92bf4efd88823ea5141e52') in 0.039759 seconds 
========================================================================
Received Import Request.
  Time since last request: 49.755875 seconds.
  path: Assets/Character
  artifactKey: Guid(4040c45013bdd534fa8c728c58addbba) Importer(815301076,1909f56bfc062723c751e8b465ee728b)
Start importing Assets/Character using Guid(4040c45013bdd534fa8c728c58addbba) Importer(815301076,1909f56bfc062723c751e8b465ee728b)  -> (artifact id: '9a6430b7b7064eb718aa5a7598dfcf65') in 0.007423 seconds 
========================================================================
Received Import Request.
  Time since last request: 0.072974 seconds.
  path: Assets/Character/Man_Mesh.FBX
  artifactKey: Guid(3a165224988164b44a9c0e2c173bb514) Importer(815301076,1909f56bfc062723c751e8b465ee728b)
Start importing Assets/Character/Man_Mesh.FBX using Guid(3a165224988164b44a9c0e2c173bb514) Importer(815301076,1909f56bfc062723c751e8b465ee728b)  -> (artifact id: '5148e146bd5c50369a11b678c42abf45') in 1.269259 seconds 
========================================================================
Received Import Request.
  Time since last request: 8.563022 seconds.
  path: Assets/Character/Textures
  artifactKey: Guid(55eec540dc63b4f469113fa05c150984) Importer(815301076,1909f56bfc062723c751e8b465ee728b)
Start importing Assets/Character/Textures using Guid(55eec540dc63b4f469113fa05c150984) Importer(815301076,1909f56bfc062723c751e8b465ee728b)  -> (artifact id: '2871da993c72d501f6175fa697f0920c') in 0.007514 seconds 
========================================================================
Received Import Request.
  Time since last request: 0.089306 seconds.
  path: Assets/Character/Textures/body.mat
  artifactKey: Guid(c3d184c459a67a047bf8546e7b8a5922) Importer(815301076,1909f56bfc062723c751e8b465ee728b)
Start importing Assets/Character/Textures/body.mat using Guid(c3d184c459a67a047bf8546e7b8a5922) Importer(815301076,1909f56bfc062723c751e8b465ee728b)  -> (artifact id: '29096d2c34569b90f5be8a9878200443') in 1.180208 seconds 
========================================================================
Received Import Request.
  Time since last request: 0.000036 seconds.
  path: Assets/Character/Textures/clothup.mat
  artifactKey: Guid(9ac71feaf67ec4f4fb490228ba5931ae) Importer(815301076,1909f56bfc062723c751e8b465ee728b)
Start importing Assets/Character/Textures/clothup.mat using Guid(9ac71feaf67ec4f4fb490228ba5931ae) Importer(815301076,1909f56bfc062723c751e8b465ee728b)  -> (artifact id: 'dd848ca7cc137f2d886d206ed3cc7dea') in 0.926332 seconds 
========================================================================
Received Import Request.
  Time since last request: 67.925819 seconds.
  path: Assets/Enemigo
  artifactKey: Guid(85e9c73bacdb7734982ba2ac1dc27053) Importer(815301076,1909f56bfc062723c751e8b465ee728b)
Start importing Assets/Enemigo using Guid(85e9c73bacdb7734982ba2ac1dc27053) Importer(815301076,1909f56bfc062723c751e8b465ee728b)  -> (artifact id: 'fad9f303195b0b10ab7b0a9531a2b358') in 0.007878 seconds 
========================================================================
Received Import Request.
  Time since last request: 0.070656 seconds.
  path: Assets/Enemigo/Dragon.FBX
  artifactKey: Guid(90bd81b4cd1b8dd418dfcd3d9e3f65f5) Importer(815301076,1909f56bfc062723c751e8b465ee728b)
Start importing Assets/Enemigo/Dragon.FBX using Guid(90bd81b4cd1b8dd418dfcd3d9e3f65f5) Importer(815301076,1909f56bfc062723c751e8b465ee728b)  -> (artifact id: '636a26e404422056009fcfafb429b315') in 0.030051 seconds 
========================================================================
Received Import Request.
  Time since last request: 101.813102 seconds.
  path: Assets/Scenes/SampleScene.unity
  artifactKey: Guid(99c9720ab356a0642a771bea13969a05) Importer(815301076,1909f56bfc062723c751e8b465ee728b)
Start importing Assets/Scenes/SampleScene.unity using Guid(99c9720ab356a0642a771bea13969a05) Importer(815301076,1909f56bfc062723c751e8b465ee728b)  -> (artifact id: 'cddea5065e1c1ccf5c72e06c6fa92fcf') in 0.002084 seconds 
========================================================================
Received Import Request.
  Time since last request: 36.102410 seconds.
  path: Assets/texturas_terreno
  artifactKey: Guid(90828981eff413c4e8f5b9b2b6bde418) Importer(815301076,1909f56bfc062723c751e8b465ee728b)
Start importing Assets/texturas_terreno using Guid(90828981eff413c4e8f5b9b2b6bde418) Importer(815301076,1909f56bfc062723c751e8b465ee728b)  -> (artifact id: '9819eae088be370cdfdbaba7d9f2b6a2') in 0.007935 seconds 
========================================================================
Received Import Request.
  Time since last request: 1.313077 seconds.
  path: Assets/TutorialInfo
  artifactKey: Guid(ba062aa6c92b140379dbc06b43dd3b9b) Importer(815301076,1909f56bfc062723c751e8b465ee728b)
Start importing Assets/TutorialInfo using Guid(ba062aa6c92b140379dbc06b43dd3b9b) Importer(815301076,1909f56bfc062723c751e8b465ee728b)  -> (artifact id: '94fb6c6bacde1da6d0b7d43ec8d6e3b7') in 0.007495 seconds 
========================================================================
Received Import Request.
  Time since last request: 4.801502 seconds.
  path: Assets/arboles
  artifactKey: Guid(1bdcfe275ee06c84d97a7891ebaa0042) Importer(815301076,1909f56bfc062723c751e8b465ee728b)
Start importing Assets/arboles using Guid(1bdcfe275ee06c84d97a7891ebaa0042) Importer(815301076,1909f56bfc062723c751e8b465ee728b)  -> (artifact id: '5228695bcc10bd0e4599aedf4d923e66') in 0.007545 seconds 
========================================================================
Received Import Request.
  Time since last request: 0.633541 seconds.
  path: Assets/arboles/Palm
  artifactKey: Guid(e0eef682496458949b60828b663943bd) Importer(815301076,1909f56bfc062723c751e8b465ee728b)
Start importing Assets/arboles/Palm using Guid(e0eef682496458949b60828b663943bd) Importer(815301076,1909f56bfc062723c751e8b465ee728b)  -> (artifact id: 'b59e859a9e37c5148d2d589cd45ed582') in 0.007503 seconds 
========================================================================
Received Import Request.
  Time since last request: 0.826088 seconds.
  path: Assets/arboles/Palm/Palm
  artifactKey: Guid(df59a2e7f8a37b947be880aaed3d99d7) Importer(815301076,1909f56bfc062723c751e8b465ee728b)
Start importing Assets/arboles/Palm/Palm using Guid(df59a2e7f8a37b947be880aaed3d99d7) Importer(815301076,1909f56bfc062723c751e8b465ee728b)  -> (artifact id: '935e712b6f8117b33c4fa0d6133bc3c5') in 0.002109 seconds 
========================================================================
Received Import Request.
  Time since last request: 0.073260 seconds.
  path: Assets/arboles/Palm/Palm/Palm_Desktop.spm
  artifactKey: Guid(d027af1092f6b434090f040565e7e656) Importer(815301076,1909f56bfc062723c751e8b465ee728b)
Start importing Assets/arboles/Palm/Palm/Palm_Desktop.spm using Guid(d027af1092f6b434090f040565e7e656) Importer(815301076,1909f56bfc062723c751e8b465ee728b)  -> (artifact id: 'a823adba44d102767e491bca775adf0a') in 5.389029 seconds 
========================================================================
Received Import Request.
  Time since last request: 764.737618 seconds.
  path: Assets/Audio/Llegada.MP3
  artifactKey: Guid(f3e5cc67bd7e542428cac7c567692f55) Importer(815301076,1909f56bfc062723c751e8b465ee728b)
Start importing Assets/Audio/Llegada.MP3 using Guid(f3e5cc67bd7e542428cac7c567692f55) Importer(815301076,1909f56bfc062723c751e8b465ee728b)  -> (artifact id: 'b9a317d80f1de4a3ee5d67025347ded3') in 0.064676 seconds 
========================================================================
Received Prepare
Registering precompiled user dll's ...
Registered in 0.004958 seconds.
Begin MonoManager ReloadAssembly
Symbol file LoadedFromMemory doesn't match image C:\Users\alumno\Desktop\AguirreCarolina_Ex2EV\Aguirre_carolina_Ex2EV\Library\PackageCache\com.unity.visualscripting@1.8.0\Editor\VisualScripting.Core\Dependencies\YamlDotNet\Unity.VisualScripting.YamlDotNet.dll
Symbol file LoadedFromMemory doesn't match image C:\Users\alumno\Desktop\AguirreCarolina_Ex2EV\Aguirre_carolina_Ex2EV\Library\PackageCache\com.unity.visualscripting@1.8.0\Editor\VisualScripting.Core\Dependencies\DotNetZip\Unity.VisualScripting.IonicZip.dll
Native extension for WindowsStandalone target not found
Native extension for Android target not found
Native extension for WebGL target not found
Refreshing native plugins compatible for Editor in 0.89 ms, found 3 plugins.
Preloading 0 native plugins for Editor in 0.00 ms.
Mono: successfully reloaded assembly
- Completed reload, in  1.243 seconds
Domain Reload Profiling:
	ReloadAssembly (1244ms)
		BeginReloadAssembly (157ms)
			ExecutionOrderSort (0ms)
			DisableScriptedObjects (7ms)
			BackupInstance (0ms)
			ReleaseScriptingObjects (0ms)
			CreateAndSetChildDomain (54ms)
		EndReloadAssembly (989ms)
			LoadAssemblies (92ms)
			RebuildTransferFunctionScriptingTraits (0ms)
			SetupTypeCache (279ms)
			ReleaseScriptCaches (2ms)
			RebuildScriptCaches (49ms)
			SetupLoadedEditorAssemblies (485ms)
				LogAssemblyErrors (0ms)
				InitializePlatformSupportModulesInManaged (18ms)
				SetLoadedEditorAssemblies (0ms)
				RefreshPlugins (1ms)
				BeforeProcessingInitializeOnLoad (80ms)
				ProcessInitializeOnLoadAttributes (309ms)
				ProcessInitializeOnLoadMethodAttributes (70ms)
				AfterProcessingInitializeOnLoad (6ms)
				EditorAssembliesLoaded (0ms)
			ExecutionOrderSort2 (0ms)
			AwakeInstancesAfterBackupRestoration (21ms)
Platform modules already initialized, skipping
Refreshing native plugins compatible for Editor in 2.07 ms, found 3 plugins.
Preloading 0 native plugins for Editor in 0.00 ms.
Unloading 5252 Unused Serialized files (Serialized files now loaded: 0)
Unloading 38 unused Assets / (2.2 MB). Loaded Objects now: 5979.
Memory consumption went from 232.9 MB to 230.6 MB.
Total: 3.870100 ms (FindLiveObjects: 0.421500 ms CreateObjectMapping: 0.318200 ms MarkObjects: 2.589400 ms  DeleteObjects: 0.540300 ms)

AssetImportParameters requested are different than current active one (requested -> active):
  custom:video-decoder-ogg-theora: a1e56fd34408186e4bbccfd4996cb3dc -> 
  custom:container-muxer-webm: aa71ff27fc2769a1b78a27578f13a17b -> 
  custom:container-demuxer-webm: 4f35f7cbe854078d1ac9338744f61a02 -> 
  custom:video-encoder-webm-vp8: eb34c28f22e8b96e1ab97ce403110664 -> 
  custom:audio-encoder-webm-vorbis: bf7c407c2cedff20999df2af8eb42d56 -> 
  custom:framework-win-MediaFoundation: 216162199b28c13a410421893ffa2e32 -> 
  custom:container-demuxer-ogg: 62fdf1f143b41e24485cea50d1cbac27 -> 
  custom:video-decoder-webm-vp8: 9c59270c3fd7afecdb556c50c9e8de78 -> 
  custom:audio-decoder-ogg-vorbis: bf7c407c2cedff20999df2af8eb42d56 -> 
========================================================================
Received Prepare
Registering precompiled user dll's ...
Registered in 0.005639 seconds.
Begin MonoManager ReloadAssembly
Symbol file LoadedFromMemory doesn't match image C:\Users\alumno\Desktop\AguirreCarolina_Ex2EV\Aguirre_carolina_Ex2EV\Library\PackageCache\com.unity.visualscripting@1.8.0\Editor\VisualScripting.Core\Dependencies\YamlDotNet\Unity.VisualScripting.YamlDotNet.dll
Symbol file LoadedFromMemory doesn't match image C:\Users\alumno\Desktop\AguirreCarolina_Ex2EV\Aguirre_carolina_Ex2EV\Library\PackageCache\com.unity.visualscripting@1.8.0\Editor\VisualScripting.Core\Dependencies\DotNetZip\Unity.VisualScripting.IonicZip.dll
Native extension for WindowsStandalone target not found
Native extension for Android target not found
Native extension for WebGL target not found
Refreshing native plugins compatible for Editor in 0.81 ms, found 3 plugins.
Preloading 0 native plugins for Editor in 0.00 ms.
Mono: successfully reloaded assembly
- Completed reload, in  1.322 seconds
Domain Reload Profiling:
	ReloadAssembly (1322ms)
		BeginReloadAssembly (136ms)
			ExecutionOrderSort (0ms)
			DisableScriptedObjects (4ms)
			BackupInstance (0ms)
			ReleaseScriptingObjects (0ms)
			CreateAndSetChildDomain (38ms)
		EndReloadAssembly (1088ms)
			LoadAssemblies (97ms)
			RebuildTransferFunctionScriptingTraits (0ms)
			SetupTypeCache (270ms)
			ReleaseScriptCaches (2ms)
			RebuildScriptCaches (61ms)
			SetupLoadedEditorAssemblies (532ms)
				LogAssemblyErrors (0ms)
				InitializePlatformSupportModulesInManaged (18ms)
				SetLoadedEditorAssemblies (0ms)
				RefreshPlugins (1ms)
				BeforeProcessingInitializeOnLoad (91ms)
				ProcessInitializeOnLoadAttributes (338ms)
				ProcessInitializeOnLoadMethodAttributes (75ms)
				AfterProcessingInitializeOnLoad (8ms)
				EditorAssembliesLoaded (0ms)
			ExecutionOrderSort2 (0ms)
			AwakeInstancesAfterBackupRestoration (20ms)
Platform modules already initialized, skipping
Refreshing native plugins compatible for Editor in 2.23 ms, found 3 plugins.
Preloading 0 native plugins for Editor in 0.00 ms.
Unloading 5253 Unused Serialized files (Serialized files now loaded: 0)
Unloading 38 unused Assets / (2.2 MB). Loaded Objects now: 5994.
Memory consumption went from 232.9 MB to 230.7 MB.
Total: 4.135200 ms (FindLiveObjects: 0.428200 ms CreateObjectMapping: 0.376900 ms MarkObjects: 2.739000 ms  DeleteObjects: 0.590400 ms)

AssetImportParameters requested are different than current active one (requested -> active):
  custom:video-decoder-ogg-theora: a1e56fd34408186e4bbccfd4996cb3dc -> 
  custom:container-muxer-webm: aa71ff27fc2769a1b78a27578f13a17b -> 
  custom:container-demuxer-webm: 4f35f7cbe854078d1ac9338744f61a02 -> 
  custom:video-encoder-webm-vp8: eb34c28f22e8b96e1ab97ce403110664 -> 
  custom:audio-encoder-webm-vorbis: bf7c407c2cedff20999df2af8eb42d56 -> 
  custom:framework-win-MediaFoundation: 216162199b28c13a410421893ffa2e32 -> 
  custom:container-demuxer-ogg: 62fdf1f143b41e24485cea50d1cbac27 -> 
  custom:video-decoder-webm-vp8: 9c59270c3fd7afecdb556c50c9e8de78 -> 
  custom:audio-decoder-ogg-vorbis: bf7c407c2cedff20999df2af8eb42d56 -> 
========================================================================
Received Prepare
Registering precompiled user dll's ...
Registered in 0.005611 seconds.
Begin MonoManager ReloadAssembly
Symbol file LoadedFromMemory doesn't match image C:\Users\alumno\Desktop\AguirreCarolina_Ex2EV\Aguirre_carolina_Ex2EV\Library\PackageCache\com.unity.visualscripting@1.8.0\Editor\VisualScripting.Core\Dependencies\YamlDotNet\Unity.VisualScripting.YamlDotNet.dll
Symbol file LoadedFromMemory doesn't match image C:\Users\alumno\Desktop\AguirreCarolina_Ex2EV\Aguirre_carolina_Ex2EV\Library\PackageCache\com.unity.visualscripting@1.8.0\Editor\VisualScripting.Core\Dependencies\DotNetZip\Unity.VisualScripting.IonicZip.dll
Native extension for WindowsStandalone target not found
Native extension for Android target not found
Native extension for WebGL target not found
Refreshing native plugins compatible for Editor in 0.88 ms, found 3 plugins.
Preloading 0 native plugins for Editor in 0.00 ms.
Mono: successfully reloaded assembly
- Completed reload, in  1.273 seconds
Domain Reload Profiling:
	ReloadAssembly (1274ms)
		BeginReloadAssembly (136ms)
			ExecutionOrderSort (0ms)
			DisableScriptedObjects (4ms)
			BackupInstance (0ms)
			ReleaseScriptingObjects (0ms)
			CreateAndSetChildDomain (38ms)
		EndReloadAssembly (1033ms)
			LoadAssemblies (104ms)
			RebuildTransferFunctionScriptingTraits (0ms)
			SetupTypeCache (320ms)
			ReleaseScriptCaches (2ms)
			RebuildScriptCaches (48ms)
			SetupLoadedEditorAssemblies (468ms)
				LogAssemblyErrors (0ms)
				InitializePlatformSupportModulesInManaged (19ms)
				SetLoadedEditorAssemblies (0ms)
				RefreshPlugins (1ms)
				BeforeProcessingInitializeOnLoad (79ms)
				ProcessInitializeOnLoadAttributes (292ms)
				ProcessInitializeOnLoadMethodAttributes (70ms)
				AfterProcessingInitializeOnLoad (7ms)
				EditorAssembliesLoaded (0ms)
			ExecutionOrderSort2 (0ms)
			AwakeInstancesAfterBackupRestoration (17ms)
Platform modules already initialized, skipping
Refreshing native plugins compatible for Editor in 2.05 ms, found 3 plugins.
Preloading 0 native plugins for Editor in 0.00 ms.
Unloading 5253 Unused Serialized files (Serialized files now loaded: 0)
Unloading 38 unused Assets / (2.2 MB). Loaded Objects now: 6009.
Memory consumption went from 232.9 MB to 230.7 MB.
Total: 4.449300 ms (FindLiveObjects: 0.457400 ms CreateObjectMapping: 0.410000 ms MarkObjects: 2.971400 ms  DeleteObjects: 0.609400 ms)

AssetImportParameters requested are different than current active one (requested -> active):
  custom:video-decoder-ogg-theora: a1e56fd34408186e4bbccfd4996cb3dc -> 
  custom:container-muxer-webm: aa71ff27fc2769a1b78a27578f13a17b -> 
  custom:container-demuxer-webm: 4f35f7cbe854078d1ac9338744f61a02 -> 
  custom:video-encoder-webm-vp8: eb34c28f22e8b96e1ab97ce403110664 -> 
  custom:audio-encoder-webm-vorbis: bf7c407c2cedff20999df2af8eb42d56 -> 
  custom:framework-win-MediaFoundation: 216162199b28c13a410421893ffa2e32 -> 
  custom:container-demuxer-ogg: 62fdf1f143b41e24485cea50d1cbac27 -> 
  custom:video-decoder-webm-vp8: 9c59270c3fd7afecdb556c50c9e8de78 -> 
  custom:audio-decoder-ogg-vorbis: bf7c407c2cedff20999df2af8eb42d56 -> 
========================================================================
Received Import Request.
  Time since last request: 1702.989139 seconds.
  path: Assets/personajes/Character/Animations/Fast Run.fbx
  artifactKey: Guid(649b0b83fced90f45a0d437a68193f17) Importer(815301076,1909f56bfc062723c751e8b465ee728b)
Start importing Assets/personajes/Character/Animations/Fast Run.fbx using Guid(649b0b83fced90f45a0d437a68193f17) Importer(815301076,1909f56bfc062723c751e8b465ee728b)  -> (artifact id: '05e8ae8628b8e7acc590d7266b681432') in 0.051253 seconds 
========================================================================
Received Import Request.
  Time since last request: 0.000035 seconds.
  path: Assets/personajes/Character/Animations/Walking.fbx
  artifactKey: Guid(bdb4ed3e4f8a3644e94e09fc54e74b81) Importer(815301076,1909f56bfc062723c751e8b465ee728b)
Start importing Assets/personajes/Character/Animations/Walking.fbx using Guid(bdb4ed3e4f8a3644e94e09fc54e74b81) Importer(815301076,1909f56bfc062723c751e8b465ee728b)  -> (artifact id: '959232664be81b3634fd5c525e62478d') in 0.011884 seconds 
Editor requested this worker to shutdown with reason: Scaling down because of idle timeout
AssetImportWorker is now disconnected from the server
Process exiting
Exiting without the bug reporter. Application will terminate with return code 0